2026.02.23 16:46:21 INFO  Started: Metals version 1.6.5 in folders '/home/max/TT-Chip' for client Visual Studio Code 1.109.5.
2026.02.23 16:46:21 INFO  Memory monitor started
2026.02.23 16:46:21 WARN  Using H2 2.4.240 which is newer than the version Flyway has been verified with. The latest verified version of H2 is 2.3.232.
2026.02.23 16:46:29 INFO  running '/usr/bin/sbt -Dbloop.export-jar-classifiers=sources bloopInstall'
2026.02.23 16:46:29 INFO  no build target found for /home/max/TT-Chip/project/metals.sbt. Using presentation compiler with project's scala-library version: 3.3.7
2026.02.23 16:46:29 WARN  no build target for: /home/max/TT-Chip/project/metals.sbt
2026.02.23 16:46:29 WARN  no build target for: /home/max/TT-Chip/project/project/metals.sbt
2026.02.23 16:46:30 INFO  no build target found for /home/max/TT-Chip/project/project/metals.sbt. Using presentation compiler with project's scala-library version: 3.3.7
2026.02.23 16:46:32 ERROR [info] [launcher] getting org.scala-sbt sbt 1.11.5  (this may take some time)...
2026.02.23 16:46:34 ERROR [info] [launcher] getting Scala 2.12.20 (for sbt)...
2026.02.23 16:46:34 INFO  [info] welcome to sbt 1.11.5 (Ubuntu Java 21.0.10)
2026.02.23 16:46:34 INFO  [info] loading settings for project tt-chip-build-build from metals.sbt...
2026.02.23 16:46:35 INFO  [info] loading project definition from /home/max/TT-Chip/project/project
2026.02.23 16:46:36 INFO  no build target found for /home/max/TT-Chip/src/main/scala/ChiselTop.scala. Using presentation compiler with project's scala-library version: 3.3.7
2026.02.23 16:46:36 INFO  no build target found for /home/max/TT-Chip/src/main/scala/ChiselTop.scala. Using presentation compiler with project's scala-library version: 3.3.7
2026.02.23 16:46:35 INFO  [info] loading settings for project tt-chip-build from metals.sbt...
2026.02.23 16:46:35 INFO  [info] loading project definition from /home/max/TT-Chip/project
2026.02.23 16:46:37 INFO  no build target found for /home/max/TT-Chip/src/main/scala/ChiselTop.scala. Using presentation compiler with project's scala-library version: 3.3.7
2026.02.23 16:46:38 INFO  [success] Generated .bloop/tt-chip-build.json
2026.02.23 16:46:38 INFO  [success] Total time: 1 s, completed Feb 23, 2026, 4:46:38 PM
2026.02.23 16:46:38 INFO  [info] loading settings for project tt-chip from build.sbt...
2026.02.23 16:46:38 INFO  [info] set current project to tt-chip (in build file:/home/max/TT-Chip/)
2026.02.23 16:46:40 INFO  [warn] scala-library-2.13.14-sources.jar no longer exists at /C:/Users/maxim/AppData/Local/Coursier/Cache/v1/https/repo1.maven.org/maven2/org/scala-lang/scala-library/2.13.14/scala-library-2.13.14-sources.jar
2026.02.23 16:46:41 INFO  [success] Generated .bloop/tt-chip-test.json
2026.02.23 16:46:41 INFO  [success] Generated .bloop/tt-chip.json
2026.02.23 16:46:41 INFO  [success] Total time: 3 s, completed Feb 23, 2026, 4:46:41 PM
2026.02.23 16:46:41 INFO  time: ran 'sbt bloopInstall' in 12s
2026.02.23 16:46:41 INFO  Attempting to connect to the build server...
2026.02.23 16:46:41 INFO  Found a Bloop server running
2026.02.23 16:46:42 INFO  tracing is disabled for protocol BSP, to enable tracing of incoming and outgoing JSON messages create an empty file at /home/max/TT-Chip/.metals/bsp.trace.json or /home/max/.cache/metals/bsp.trace.json
2026.02.23 16:46:43 INFO  Attempting to connect to the build server...
2026.02.23 16:46:43 INFO  Found a Bloop server running
2026.02.23 16:46:43 INFO  tracing is disabled for protocol BSP, to enable tracing of incoming and outgoing JSON messages create an empty file at /home/max/TT-Chip/project/.metals/bsp.trace.json or /home/max/.cache/metals/bsp.trace.json
2026.02.23 16:46:43 INFO  time: Connected to build server in 1.52s
2026.02.23 16:46:43 INFO  Connected to Build server: Bloop v2.0.18
2026.02.23 16:46:43 WARN  2.13.14 is no longer supported in the current Metals versions, using the last known supported version 1.6.3
2026.02.23 16:46:45 WARN  Could not find java sources in /usr/lib/jvm/src.zip, /usr/lib/jvm/lib/src.zip, /usr/lib/jvm/java-21-openjdk-amd64/src.zip, /usr/lib/jvm/java-21-openjdk-amd64/lib/src.zip. Java symbols will not be available.
2026.02.23 16:46:48 INFO  time: indexed workspace in 4.78s
2026.02.23 16:46:48 INFO  compiling tt-chip (1 scala source)
2026.02.23 16:46:50 INFO  time: compiled tt-chip in 1.81s
Feb 23, 2026 4:47:13 PM org.eclipse.lsp4j.jsonrpc.services.GenericEndpoint notify
INFO: Unsupported notification method: $/setTrace
2026.02.23 16:52:16 INFO  Shutting down server
2026.02.23 16:52:16 INFO  Memory monitor stopped
2026.02.23 16:52:16 INFO  shutting down Metals
2026.02.23 16:52:16 INFO  Shut down connection with build server.
2026.02.23 16:52:16 INFO  Shut down connection with build server.
2026.02.23 16:52:16 INFO  Exiting server
2026.02.23 16:52:32 INFO  Database: jdbc:h2:file:/home/max/TT-Chip/.metals/metals (H2 2.4)
2026.02.23 16:52:32 WARN  Using H2 2.4.240 which is newer than the version Flyway has been verified with. The latest verified version of H2 is 2.3.232.
2026.02.23 16:52:32 INFO  Successfully validated 7 migrations (execution time 00:00.002s)
2026.02.23 16:52:32 INFO  Current version of schema "PUBLIC": 7
2026.02.23 16:52:32 INFO  Schema "PUBLIC" is up to date. No migration necessary.
2026.02.23 16:52:32 INFO  Attempting to connect to the build server...
2026.02.23 16:52:32 INFO  Found a Bloop server running
2026.02.23 16:52:32 INFO  tracing is disabled for protocol BSP, to enable tracing of incoming and outgoing JSON messages create an empty file at /home/max/TT-Chip/.metals/bsp.trace.json or /home/max/.cache/metals/bsp.trace.json
2026.02.23 16:52:32 INFO  Attempting to connect to the build server...
2026.02.23 16:52:32 INFO  Found a Bloop server running
2026.02.23 16:52:32 INFO  tracing is disabled for protocol BSP, to enable tracing of incoming and outgoing JSON messages create an empty file at /home/max/TT-Chip/project/.metals/bsp.trace.json or /home/max/.cache/metals/bsp.trace.json
2026.02.23 16:52:32 INFO  time: Connected to build server in 0.25s
2026.02.23 16:52:32 INFO  Connected to Build server: Bloop v2.0.18
2026.02.23 16:52:32 WARN  2.13.14 is no longer supported in the current Metals versions, using the last known supported version 1.6.3
2026.02.23 16:52:34 WARN  Could not find java sources in /usr/lib/jvm/src.zip, /usr/lib/jvm/lib/src.zip, /usr/lib/jvm/java-21-openjdk-amd64/src.zip, /usr/lib/jvm/java-21-openjdk-amd64/lib/src.zip. Java symbols will not be available.
2026.02.23 16:52:34 INFO  time: indexed workspace in 1.76s
2026.02.23 16:53:21 ERROR Timeout waiting for 'build/initialize' response
2026.02.23 16:53:21 WARN  Retrying connection to the build server scala-cli
2026.02.23 16:53:21 INFO  Running BSP server List(C:\Users\maxim\AppData\Local\Coursier\data\bin\.scala-cli.aux.exe, bsp, --json-options, C:\Users\maxim\My Drive\Uni\.scala-build\ide-options-v2.json, --json-launcher-options, C:\Users\maxim\My Drive\Uni\.scala-build\ide-launcher-options.json, --envs-file, C:\Users\maxim\My Drive\Uni\.scala-build\ide-envs.json, C:\Users\maxim\My Drive\Uni)
2026.02.23 16:53:21 ERROR Running process 'C:\Users\maxim\AppData\Local\Coursier\data\bin\.scala-cli.aux.exe bsp --json-options C:\Users\maxim\My Drive\Uni\.scala-build\ide-options-v2.json --json-launcher-options C:\Users\maxim\My Drive\Uni\.scala-build\ide-launcher-options.json --envs-file C:\Users\maxim\My Drive\Uni\.scala-build\ide-envs.json C:\Users\maxim\My Drive\Uni' failed
java.io.IOException: Cannot run program "C:\Users\maxim\AppData\Local\Coursier\data\bin\.scala-cli.aux.exe" (in directory "/home/max/Insync/maximillian.udar@gmail.com/Google Drive/Uni"): Exec failed, error: 2 (No such file or directory) 
	at java.lang.ProcessBuilder.start(ProcessBuilder.java:1170)
	at java.lang.ProcessBuilder.start(ProcessBuilder.java:1089)
	at scala.meta.internal.process.SystemProcess$.run(SystemProcess.scala:48)
	at scala.meta.internal.bsp.BspServers.newConnection$1(BspServers.scala:129)
	at scala.meta.internal.bsp.BspServers.$anonfun$newServer$8(BspServers.scala:172)
	at scala.meta.internal.metals.BuildServerConnection$.setupServer$1(BuildServerConnection.scala:631)
	at scala.meta.internal.metals.BuildServerConnection$.fromSockets(BuildServerConnection.scala:700)
	at scala.meta.internal.metals.BuildServerConnection$$anonfun$fromSockets$17.applyOrElse(BuildServerConnection.scala:717)
	at scala.meta.internal.metals.BuildServerConnection$$anonfun$fromSockets$17.applyOrElse(BuildServerConnection.scala:714)
	at scala.concurrent.impl.Promise$Transformation.run(Promise.scala:523)
	at java.util.concurrent.ThreadPoolExecutor.runWorker(ThreadPoolExecutor.java:1144)
	at java.util.concurrent.ThreadPoolExecutor$Worker.run(ThreadPoolExecutor.java:642)
	at java.lang.Thread.run(Thread.java:1583)
Caused by: java.io.IOException: Exec failed, error: 2 (No such file or directory) 
	at java.lang.ProcessImpl.forkAndExec(Native Method)
	at java.lang.ProcessImpl.<init>(ProcessImpl.java:295)
	at java.lang.ProcessImpl.start(ProcessImpl.java:225)
	at java.lang.ProcessBuilder.start(ProcessBuilder.java:1126)
	at java.lang.ProcessBuilder.start(ProcessBuilder.java:1089)
	at scala.meta.internal.process.SystemProcess$.run(SystemProcess.scala:48)
	at scala.meta.internal.bsp.BspServers.newConnection$1(BspServers.scala:129)
	at scala.meta.internal.bsp.BspServers.$anonfun$newServer$8(BspServers.scala:172)
	at scala.meta.internal.metals.BuildServerConnection$.setupServer$1(BuildServerConnection.scala:631)
	at scala.meta.internal.metals.BuildServerConnection$.fromSockets(BuildServerConnection.scala:700)
	at scala.meta.internal.metals.BuildServerConnection$$anonfun$fromSockets$17.applyOrElse(BuildServerConnection.scala:717)
	at scala.meta.internal.metals.BuildServerConnection$$anonfun$fromSockets$17.applyOrElse(BuildServerConnection.scala:714)
	at scala.concurrent.impl.Promise$Transformation.run(Promise.scala:523)
	at java.util.concurrent.ThreadPoolExecutor.runWorker(ThreadPoolExecutor.java:1144)
	at java.util.concurrent.ThreadPoolExecutor$Worker.run(ThreadPoolExecutor.java:642)
	at java.lang.Thread.run(Thread.java:1583)

2026.02.23 16:53:21 INFO  tracing is disabled for protocol BSP, to enable tracing of incoming and outgoing JSON messages create an empty file at /home/max/Insync/maximillian.udar@gmail.com/Google Drive/Uni/.metals/bsp.trace.json or /home/max/.cache/metals/bsp.trace.json
2026.02.23 16:54:21 ERROR Timeout waiting for 'build/initialize' response
2026.02.23 16:54:21 WARN  Retrying connection to the build server scala-cli
2026.02.23 16:54:21 INFO  Running BSP server List(C:\Users\maxim\AppData\Local\Coursier\data\bin\.scala-cli.aux.exe, bsp, --json-options, C:\Users\maxim\My Drive\Uni\.scala-build\ide-options-v2.json, --json-launcher-options, C:\Users\maxim\My Drive\Uni\.scala-build\ide-launcher-options.json, --envs-file, C:\Users\maxim\My Drive\Uni\.scala-build\ide-envs.json, C:\Users\maxim\My Drive\Uni)
2026.02.23 16:54:21 ERROR Running process 'C:\Users\maxim\AppData\Local\Coursier\data\bin\.scala-cli.aux.exe bsp --json-options C:\Users\maxim\My Drive\Uni\.scala-build\ide-options-v2.json --json-launcher-options C:\Users\maxim\My Drive\Uni\.scala-build\ide-launcher-options.json --envs-file C:\Users\maxim\My Drive\Uni\.scala-build\ide-envs.json C:\Users\maxim\My Drive\Uni' failed
java.io.IOException: Cannot run program "C:\Users\maxim\AppData\Local\Coursier\data\bin\.scala-cli.aux.exe" (in directory "/home/max/Insync/maximillian.udar@gmail.com/Google Drive/Uni"): Exec failed, error: 2 (No such file or directory) 
	at java.lang.ProcessBuilder.start(ProcessBuilder.java:1170)
	at java.lang.ProcessBuilder.start(ProcessBuilder.java:1089)
	at scala.meta.internal.process.SystemProcess$.run(SystemProcess.scala:48)
	at scala.meta.internal.bsp.BspServers.newConnection$1(BspServers.scala:129)
	at scala.meta.internal.bsp.BspServers.$anonfun$newServer$8(BspServers.scala:172)
	at scala.meta.internal.metals.BuildServerConnection$.setupServer$1(BuildServerConnection.scala:631)
	at scala.meta.internal.metals.BuildServerConnection$.fromSockets(BuildServerConnection.scala:700)
	at scala.meta.internal.metals.BuildServerConnection$$anonfun$fromSockets$17.applyOrElse(BuildServerConnection.scala:717)
	at scala.meta.internal.metals.BuildServerConnection$$anonfun$fromSockets$17.applyOrElse(BuildServerConnection.scala:714)
	at scala.concurrent.impl.Promise$Transformation.run(Promise.scala:523)
	at java.util.concurrent.ThreadPoolExecutor.runWorker(ThreadPoolExecutor.java:1144)
	at java.util.concurrent.ThreadPoolExecutor$Worker.run(ThreadPoolExecutor.java:642)
	at java.lang.Thread.run(Thread.java:1583)
Caused by: java.io.IOException: Exec failed, error: 2 (No such file or directory) 
	at java.lang.ProcessImpl.forkAndExec(Native Method)
	at java.lang.ProcessImpl.<init>(ProcessImpl.java:295)
	at java.lang.ProcessImpl.start(ProcessImpl.java:225)
	at java.lang.ProcessBuilder.start(ProcessBuilder.java:1126)
	at java.lang.ProcessBuilder.start(ProcessBuilder.java:1089)
	at scala.meta.internal.process.SystemProcess$.run(SystemProcess.scala:48)
	at scala.meta.internal.bsp.BspServers.newConnection$1(BspServers.scala:129)
	at scala.meta.internal.bsp.BspServers.$anonfun$newServer$8(BspServers.scala:172)
	at scala.meta.internal.metals.BuildServerConnection$.setupServer$1(BuildServerConnection.scala:631)
	at scala.meta.internal.metals.BuildServerConnection$.fromSockets(BuildServerConnection.scala:700)
	at scala.meta.internal.metals.BuildServerConnection$$anonfun$fromSockets$17.applyOrElse(BuildServerConnection.scala:717)
	at scala.meta.internal.metals.BuildServerConnection$$anonfun$fromSockets$17.applyOrElse(BuildServerConnection.scala:714)
	at scala.concurrent.impl.Promise$Transformation.run(Promise.scala:523)
	at java.util.concurrent.ThreadPoolExecutor.runWorker(ThreadPoolExecutor.java:1144)
	at java.util.concurrent.ThreadPoolExecutor$Worker.run(ThreadPoolExecutor.java:642)
	at java.lang.Thread.run(Thread.java:1583)

2026.02.23 16:54:21 INFO  tracing is disabled for protocol BSP, to enable tracing of incoming and outgoing JSON messages create an empty file at /home/max/Insync/maximillian.udar@gmail.com/Google Drive/Uni/.metals/bsp.trace.json or /home/max/.cache/metals/bsp.trace.json
2026.02.23 16:55:21 ERROR Timeout waiting for 'build/initialize' response
2026.02.23 16:55:21 WARN  Retrying connection to the build server scala-cli
2026.02.23 16:55:21 INFO  Running BSP server List(C:\Users\maxim\AppData\Local\Coursier\data\bin\.scala-cli.aux.exe, bsp, --json-options, C:\Users\maxim\My Drive\Uni\.scala-build\ide-options-v2.json, --json-launcher-options, C:\Users\maxim\My Drive\Uni\.scala-build\ide-launcher-options.json, --envs-file, C:\Users\maxim\My Drive\Uni\.scala-build\ide-envs.json, C:\Users\maxim\My Drive\Uni)
2026.02.23 16:55:21 ERROR Running process 'C:\Users\maxim\AppData\Local\Coursier\data\bin\.scala-cli.aux.exe bsp --json-options C:\Users\maxim\My Drive\Uni\.scala-build\ide-options-v2.json --json-launcher-options C:\Users\maxim\My Drive\Uni\.scala-build\ide-launcher-options.json --envs-file C:\Users\maxim\My Drive\Uni\.scala-build\ide-envs.json C:\Users\maxim\My Drive\Uni' failed
java.io.IOException: Cannot run program "C:\Users\maxim\AppData\Local\Coursier\data\bin\.scala-cli.aux.exe" (in directory "/home/max/Insync/maximillian.udar@gmail.com/Google Drive/Uni"): Exec failed, error: 2 (No such file or directory) 
	at java.lang.ProcessBuilder.start(ProcessBuilder.java:1170)
	at java.lang.ProcessBuilder.start(ProcessBuilder.java:1089)
	at scala.meta.internal.process.SystemProcess$.run(SystemProcess.scala:48)
	at scala.meta.internal.bsp.BspServers.newConnection$1(BspServers.scala:129)
	at scala.meta.internal.bsp.BspServers.$anonfun$newServer$8(BspServers.scala:172)
	at scala.meta.internal.metals.BuildServerConnection$.setupServer$1(BuildServerConnection.scala:631)
	at scala.meta.internal.metals.BuildServerConnection$.fromSockets(BuildServerConnection.scala:700)
	at scala.meta.internal.metals.BuildServerConnection$$anonfun$fromSockets$17.applyOrElse(BuildServerConnection.scala:717)
	at scala.meta.internal.metals.BuildServerConnection$$anonfun$fromSockets$17.applyOrElse(BuildServerConnection.scala:714)
	at scala.concurrent.impl.Promise$Transformation.run(Promise.scala:523)
	at java.util.concurrent.ThreadPoolExecutor.runWorker(ThreadPoolExecutor.java:1144)
	at java.util.concurrent.ThreadPoolExecutor$Worker.run(ThreadPoolExecutor.java:642)
	at java.lang.Thread.run(Thread.java:1583)
Caused by: java.io.IOException: Exec failed, error: 2 (No such file or directory) 
	at java.lang.ProcessImpl.forkAndExec(Native Method)
	at java.lang.ProcessImpl.<init>(ProcessImpl.java:295)
	at java.lang.ProcessImpl.start(ProcessImpl.java:225)
	at java.lang.ProcessBuilder.start(ProcessBuilder.java:1126)
	at java.lang.ProcessBuilder.start(ProcessBuilder.java:1089)
	at scala.meta.internal.process.SystemProcess$.run(SystemProcess.scala:48)
	at scala.meta.internal.bsp.BspServers.newConnection$1(BspServers.scala:129)
	at scala.meta.internal.bsp.BspServers.$anonfun$newServer$8(BspServers.scala:172)
	at scala.meta.internal.metals.BuildServerConnection$.setupServer$1(BuildServerConnection.scala:631)
	at scala.meta.internal.metals.BuildServerConnection$.fromSockets(BuildServerConnection.scala:700)
	at scala.meta.internal.metals.BuildServerConnection$$anonfun$fromSockets$17.applyOrElse(BuildServerConnection.scala:717)
	at scala.meta.internal.metals.BuildServerConnection$$anonfun$fromSockets$17.applyOrElse(BuildServerConnection.scala:714)
	at scala.concurrent.impl.Promise$Transformation.run(Promise.scala:523)
	at java.util.concurrent.ThreadPoolExecutor.runWorker(ThreadPoolExecutor.java:1144)
	at java.util.concurrent.ThreadPoolExecutor$Worker.run(ThreadPoolExecutor.java:642)
	at java.lang.Thread.run(Thread.java:1583)

2026.02.23 16:55:21 INFO  tracing is disabled for protocol BSP, to enable tracing of incoming and outgoing JSON messages create an empty file at /home/max/Insync/maximillian.udar@gmail.com/Google Drive/Uni/.metals/bsp.trace.json or /home/max/.cache/metals/bsp.trace.json
2026.02.23 16:56:21 ERROR Timeout waiting for 'build/initialize' response
2026.02.23 16:56:21 WARN  Retrying connection to the build server scala-cli
2026.02.23 16:56:21 INFO  Running BSP server List(C:\Users\maxim\AppData\Local\Coursier\data\bin\.scala-cli.aux.exe, bsp, --json-options, C:\Users\maxim\My Drive\Uni\.scala-build\ide-options-v2.json, --json-launcher-options, C:\Users\maxim\My Drive\Uni\.scala-build\ide-launcher-options.json, --envs-file, C:\Users\maxim\My Drive\Uni\.scala-build\ide-envs.json, C:\Users\maxim\My Drive\Uni)
2026.02.23 16:56:21 ERROR Running process 'C:\Users\maxim\AppData\Local\Coursier\data\bin\.scala-cli.aux.exe bsp --json-options C:\Users\maxim\My Drive\Uni\.scala-build\ide-options-v2.json --json-launcher-options C:\Users\maxim\My Drive\Uni\.scala-build\ide-launcher-options.json --envs-file C:\Users\maxim\My Drive\Uni\.scala-build\ide-envs.json C:\Users\maxim\My Drive\Uni' failed
java.io.IOException: Cannot run program "C:\Users\maxim\AppData\Local\Coursier\data\bin\.scala-cli.aux.exe" (in directory "/home/max/Insync/maximillian.udar@gmail.com/Google Drive/Uni"): Exec failed, error: 2 (No such file or directory) 
	at java.lang.ProcessBuilder.start(ProcessBuilder.java:1170)
	at java.lang.ProcessBuilder.start(ProcessBuilder.java:1089)
	at scala.meta.internal.process.SystemProcess$.run(SystemProcess.scala:48)
	at scala.meta.internal.bsp.BspServers.newConnection$1(BspServers.scala:129)
	at scala.meta.internal.bsp.BspServers.$anonfun$newServer$8(BspServers.scala:172)
	at scala.meta.internal.metals.BuildServerConnection$.setupServer$1(BuildServerConnection.scala:631)
	at scala.meta.internal.metals.BuildServerConnection$.fromSockets(BuildServerConnection.scala:700)
	at scala.meta.internal.metals.BuildServerConnection$$anonfun$fromSockets$17.applyOrElse(BuildServerConnection.scala:717)
	at scala.meta.internal.metals.BuildServerConnection$$anonfun$fromSockets$17.applyOrElse(BuildServerConnection.scala:714)
	at scala.concurrent.impl.Promise$Transformation.run(Promise.scala:523)
	at java.util.concurrent.ThreadPoolExecutor.runWorker(ThreadPoolExecutor.java:1144)
	at java.util.concurrent.ThreadPoolExecutor$Worker.run(ThreadPoolExecutor.java:642)
	at java.lang.Thread.run(Thread.java:1583)
Caused by: java.io.IOException: Exec failed, error: 2 (No such file or directory) 
	at java.lang.ProcessImpl.forkAndExec(Native Method)
	at java.lang.ProcessImpl.<init>(ProcessImpl.java:295)
	at java.lang.ProcessImpl.start(ProcessImpl.java:225)
	at java.lang.ProcessBuilder.start(ProcessBuilder.java:1126)
	at java.lang.ProcessBuilder.start(ProcessBuilder.java:1089)
	at scala.meta.internal.process.SystemProcess$.run(SystemProcess.scala:48)
	at scala.meta.internal.bsp.BspServers.newConnection$1(BspServers.scala:129)
	at scala.meta.internal.bsp.BspServers.$anonfun$newServer$8(BspServers.scala:172)
	at scala.meta.internal.metals.BuildServerConnection$.setupServer$1(BuildServerConnection.scala:631)
	at scala.meta.internal.metals.BuildServerConnection$.fromSockets(BuildServerConnection.scala:700)
	at scala.meta.internal.metals.BuildServerConnection$$anonfun$fromSockets$17.applyOrElse(BuildServerConnection.scala:717)
	at scala.meta.internal.metals.BuildServerConnection$$anonfun$fromSockets$17.applyOrElse(BuildServerConnection.scala:714)
	at scala.concurrent.impl.Promise$Transformation.run(Promise.scala:523)
	at java.util.concurrent.ThreadPoolExecutor.runWorker(ThreadPoolExecutor.java:1144)
	at java.util.concurrent.ThreadPoolExecutor$Worker.run(ThreadPoolExecutor.java:642)
	at java.lang.Thread.run(Thread.java:1583)

2026.02.23 16:56:21 INFO  tracing is disabled for protocol BSP, to enable tracing of incoming and outgoing JSON messages create an empty file at /home/max/Insync/maximillian.udar@gmail.com/Google Drive/Uni/.metals/bsp.trace.json or /home/max/.cache/metals/bsp.trace.json
2026.02.23 16:57:21 ERROR Timeout waiting for 'build/initialize' response
2026.02.23 16:57:21 WARN  Retrying connection to the build server scala-cli
2026.02.23 16:57:21 INFO  Running BSP server List(C:\Users\maxim\AppData\Local\Coursier\data\bin\.scala-cli.aux.exe, bsp, --json-options, C:\Users\maxim\My Drive\Uni\.scala-build\ide-options-v2.json, --json-launcher-options, C:\Users\maxim\My Drive\Uni\.scala-build\ide-launcher-options.json, --envs-file, C:\Users\maxim\My Drive\Uni\.scala-build\ide-envs.json, C:\Users\maxim\My Drive\Uni)
2026.02.23 16:57:21 ERROR Running process 'C:\Users\maxim\AppData\Local\Coursier\data\bin\.scala-cli.aux.exe bsp --json-options C:\Users\maxim\My Drive\Uni\.scala-build\ide-options-v2.json --json-launcher-options C:\Users\maxim\My Drive\Uni\.scala-build\ide-launcher-options.json --envs-file C:\Users\maxim\My Drive\Uni\.scala-build\ide-envs.json C:\Users\maxim\My Drive\Uni' failed
java.io.IOException: Cannot run program "C:\Users\maxim\AppData\Local\Coursier\data\bin\.scala-cli.aux.exe" (in directory "/home/max/Insync/maximillian.udar@gmail.com/Google Drive/Uni"): Exec failed, error: 2 (No such file or directory) 
	at java.lang.ProcessBuilder.start(ProcessBuilder.java:1170)
	at java.lang.ProcessBuilder.start(ProcessBuilder.java:1089)
	at scala.meta.internal.process.SystemProcess$.run(SystemProcess.scala:48)
	at scala.meta.internal.bsp.BspServers.newConnection$1(BspServers.scala:129)
	at scala.meta.internal.bsp.BspServers.$anonfun$newServer$8(BspServers.scala:172)
	at scala.meta.internal.metals.BuildServerConnection$.setupServer$1(BuildServerConnection.scala:631)
	at scala.meta.internal.metals.BuildServerConnection$.fromSockets(BuildServerConnection.scala:700)
	at scala.meta.internal.metals.BuildServerConnection$$anonfun$fromSockets$17.applyOrElse(BuildServerConnection.scala:717)
	at scala.meta.internal.metals.BuildServerConnection$$anonfun$fromSockets$17.applyOrElse(BuildServerConnection.scala:714)
	at scala.concurrent.impl.Promise$Transformation.run(Promise.scala:523)
	at java.util.concurrent.ThreadPoolExecutor.runWorker(ThreadPoolExecutor.java:1144)
	at java.util.concurrent.ThreadPoolExecutor$Worker.run(ThreadPoolExecutor.java:642)
	at java.lang.Thread.run(Thread.java:1583)
Caused by: java.io.IOException: Exec failed, error: 2 (No such file or directory) 
	at java.lang.ProcessImpl.forkAndExec(Native Method)
	at java.lang.ProcessImpl.<init>(ProcessImpl.java:295)
	at java.lang.ProcessImpl.start(ProcessImpl.java:225)
	at java.lang.ProcessBuilder.start(ProcessBuilder.java:1126)
	at java.lang.ProcessBuilder.start(ProcessBuilder.java:1089)
	at scala.meta.internal.process.SystemProcess$.run(SystemProcess.scala:48)
	at scala.meta.internal.bsp.BspServers.newConnection$1(BspServers.scala:129)
	at scala.meta.internal.bsp.BspServers.$anonfun$newServer$8(BspServers.scala:172)
	at scala.meta.internal.metals.BuildServerConnection$.setupServer$1(BuildServerConnection.scala:631)
	at scala.meta.internal.metals.BuildServerConnection$.fromSockets(BuildServerConnection.scala:700)
	at scala.meta.internal.metals.BuildServerConnection$$anonfun$fromSockets$17.applyOrElse(BuildServerConnection.scala:717)
	at scala.meta.internal.metals.BuildServerConnection$$anonfun$fromSockets$17.applyOrElse(BuildServerConnection.scala:714)
	at scala.concurrent.impl.Promise$Transformation.run(Promise.scala:523)
	at java.util.concurrent.ThreadPoolExecutor.runWorker(ThreadPoolExecutor.java:1144)
	at java.util.concurrent.ThreadPoolExecutor$Worker.run(ThreadPoolExecutor.java:642)
	at java.lang.Thread.run(Thread.java:1583)

2026.02.23 16:57:21 INFO  tracing is disabled for protocol BSP, to enable tracing of incoming and outgoing JSON messages create an empty file at /home/max/Insync/maximillian.udar@gmail.com/Google Drive/Uni/.metals/bsp.trace.json or /home/max/.cache/metals/bsp.trace.json
2026.02.23 16:58:21 ERROR Timeout waiting for 'build/initialize' response
2026.02.23 16:58:21 ERROR Failed to connect with build server, no functionality will work.
java.util.concurrent.TimeoutException
	at java.util.concurrent.CompletableFuture.timedGet(CompletableFuture.java:1960)
	at java.util.concurrent.CompletableFuture.get(CompletableFuture.java:2095)
	at scala.meta.internal.metals.BuildServerConnection$.initialize(BuildServerConnection.scala:806)
	at scala.meta.internal.metals.BuildServerConnection$.$anonfun$fromSockets$1(BuildServerConnection.scala:658)
	at scala.concurrent.impl.Promise$Transformation.run(Promise.scala:500)
	at java.util.concurrent.ThreadPoolExecutor.runWorker(ThreadPoolExecutor.java:1144)
	at java.util.concurrent.ThreadPoolExecutor$Worker.run(ThreadPoolExecutor.java:642)
	at java.lang.Thread.run(Thread.java:1583)

